<?xml version="1.0" encoding="UTF-8"?>
<testsuite name="com.backend.codingchallenge.CodingchallengeApplicationTests" tests="4" skipped="0" failures="0" errors="0" timestamp="2024-01-26T23:32:28" hostname="LUINUX-DESKTOP" time="0.577">
  <properties/>
  <testcase name="testFindCitiesByLongLat()" classname="com.backend.codingchallenge.CodingchallengeApplicationTests" time="0.543"/>
  <testcase name="testFindCitiesWithCityUnexist()" classname="com.backend.codingchallenge.CodingchallengeApplicationTests" time="0.016"/>
  <testcase name="testFindCitiesByNameIgnoreCase()" classname="com.backend.codingchallenge.CodingchallengeApplicationTests" time="0.013"/>
  <testcase name="contextLoads()" classname="com.backend.codingchallenge.CodingchallengeApplicationTests" time="0.002"/>
  <system-out><![CDATA[17:32:21.846 [Test worker] INFO org.springframework.test.context.support.AnnotationConfigContextLoaderUtils -- Could not detect default configuration classes for test class [com.backend.codingchallenge.CodingchallengeApplicationTests]: CodingchallengeApplicationTests does not declare any static, non-private, non-final, nested classes annotated with @Configuration.
17:32:21.949 [Test worker] INFO org.springframework.boot.test.context.SpringBootTestContextBootstrapper -- Found @SpringBootConfiguration com.backend.codingchallenge.CodingchallengeApplication for test class com.backend.codingchallenge.CodingchallengeApplicationTests

  .   ____          _            __ _ _
 /\\ / ___'_ __ _ _(_)_ __  __ _ \ \ \ \
( ( )\___ | '_ | '_| | '_ \/ _` | \ \ \ \
 \\/  ___)| |_)| | | | | || (_| |  ) ) ) )
  '  |____| .__|_| |_|_| |_\__, | / / / /
 =========|_|==============|___/=/_/_/_/
 :: Spring Boot ::                (v3.2.2)

2024-01-26T17:32:22.345-06:00  INFO 30124 --- [    Test worker] c.b.c.CodingchallengeApplicationTests    : Starting CodingchallengeApplicationTests using Java 17.0.10 with PID 30124 (started by luisr in D:\Trabajo\codingchallenge\codingchallenge)
2024-01-26T17:32:22.346-06:00  INFO 30124 --- [    Test worker] c.b.c.CodingchallengeApplicationTests    : No active profile set, falling back to 1 default profile: "default"
2024-01-26T17:32:22.989-06:00  INFO 30124 --- [    Test worker] .s.d.r.c.RepositoryConfigurationDelegate : Bootstrapping Spring Data JPA repositories in DEFAULT mode.
2024-01-26T17:32:23.053-06:00  INFO 30124 --- [    Test worker] .s.d.r.c.RepositoryConfigurationDelegate : Finished Spring Data repository scanning in 49 ms. Found 1 JPA repository interface.
2024-01-26T17:32:23.524-06:00  INFO 30124 --- [    Test worker] com.zaxxer.hikari.HikariDataSource       : HikariPool-1 - Starting...
2024-01-26T17:32:23.727-06:00  INFO 30124 --- [    Test worker] com.zaxxer.hikari.pool.HikariPool        : HikariPool-1 - Added connection conn0: url=jdbc:h2:mem:620377fa-8343-42dc-a2c7-ddc259b3172c user=SA
2024-01-26T17:32:23.728-06:00  INFO 30124 --- [    Test worker] com.zaxxer.hikari.HikariDataSource       : HikariPool-1 - Start completed.
2024-01-26T17:32:23.782-06:00  INFO 30124 --- [    Test worker] o.hibernate.jpa.internal.util.LogHelper  : HHH000204: Processing PersistenceUnitInfo [name: default]
2024-01-26T17:32:23.860-06:00  INFO 30124 --- [    Test worker] org.hibernate.Version                    : HHH000412: Hibernate ORM core version 6.4.1.Final
2024-01-26T17:32:23.901-06:00  INFO 30124 --- [    Test worker] o.h.c.internal.RegionFactoryInitiator    : HHH000026: Second-level cache disabled
2024-01-26T17:32:24.167-06:00  INFO 30124 --- [    Test worker] o.s.o.j.p.SpringPersistenceUnitInfo      : No LoadTimeWeaver setup: ignoring JPA class transformer
2024-01-26T17:32:24.966-06:00  INFO 30124 --- [    Test worker] o.h.e.t.j.p.i.JtaPlatformInitiator       : HHH000489: No JTA platform available (set 'hibernate.transaction.jta.platform' to enable JTA platform integration)
2024-01-26T17:32:24.995-06:00  INFO 30124 --- [    Test worker] j.LocalContainerEntityManagerFactoryBean : Initialized JPA EntityManagerFactory for persistence unit 'default'
2024-01-26T17:32:25.279-06:00  INFO 30124 --- [    Test worker] o.s.d.j.r.query.QueryEnhancerFactory     : Hibernate is in classpath; If applicable, HQL parser will be used.
2024-01-26T17:32:25.997-06:00  WARN 30124 --- [    Test worker] JpaBaseConfiguration$JpaWebConfiguration : spring.jpa.open-in-view is enabled by default. Therefore, database queries may be performed during view rendering. Explicitly configure spring.jpa.open-in-view to disable this warning
2024-01-26T17:32:26.707-06:00  INFO 30124 --- [    Test worker] c.b.c.CodingchallengeApplicationTests    : Started CodingchallengeApplicationTests in 4.575 seconds (process running for 5.78)
]]></system-out>
  <system-err><![CDATA[]]></system-err>
</testsuite>
